Listening on port 5000...
Listening on port 5000...
Listening on port 5000...
Listening on port 5000...
Listening on port 5000...
Listening on port 5000...
Listening on port 5000...
Listening on port 5000...
Listening on port 5000...
Listening on port 5000...
Listening on port 5000...
Listening on port 5000...
Listening on port 5000...
Listening on port 5000...
Listening on port 5000...
Listening on port 5000...
Listening on port 5000...
Listening on port 5000...
You have triggered an unhandledRejection, you may have forgotten to catch a Promise rejection:
Listening on port 5000...
Listening on port 5000...
Listening on port 5000...
You have triggered an unhandledRejection, you may have forgotten to catch a Promise rejection:
Listening on port 5000...
You have triggered an unhandledRejection, you may have forgotten to catch a Promise rejection:
Listening on port 5000...
Listening on port 5000...
Listening on port 5000...
Listening on port 5000...
true
Listening on port 5000...
true
true
Listening on port 5000...
true
true
Listening on port 5000...
true
null null
Listening on port 5000...
[]
[ { socketId: 'yHK9hxXKJlSoC6dWAAAA', name: 'nilson13', id: 1 } ]
Listening on port 5000...
[{"socketId":"yHK9hxXKJlSoC6dWAAAA","name":"nilson13","id":1},{"socketId":"PMI7XgWUW4_6FtVPAAAB","name":"nilson13","id":1}]
[ { socketId: 'yHK9hxXKJlSoC6dWAAAA', name: 'nilson13', id: 1 },
  { socketId: 'PMI7XgWUW4_6FtVPAAAB', name: 'nilson13', id: 1 } ]
Listening on port 5000...
Listening on port 5000...
Listening on port 5000...
Listening on port 5000...
